Start testing: Jul 27 10:13 EDT
----------------------------------------------------------
1/1 Testing: AIQPMQPtest
1/1 Test: AIQPMQPtest
Command: "/home/ammiera/AmbulanceIQPMQP/build/test/AIQPMQPtest"
Directory: /home/ammiera/AmbulanceIQPMQP/build/test
"AIQPMQPtest" start time: Jul 27 10:13 EDT
Output:
----------------------------------------------------------
Running main() from /home/ammiera/AmbulanceIQPMQP/ext/googletest/googletest/src/gtest_main.cc
[==========] Running 6 tests from 1 test suite.
[----------] Global test environment set-up.
[----------] 6 tests from triagedPatientTest
[ RUN      ] triagedPatientTest.nineWeights
2
3
[       OK ] triagedPatientTest.nineWeights (0 ms)
[ RUN      ] triagedPatientTest.oneWeight
2
3
[       OK ] triagedPatientTest.oneWeight (0 ms)
[ RUN      ] triagedPatientTest.noWeights
2
3
[       OK ] triagedPatientTest.noWeights (0 ms)
[ RUN      ] triagedPatientTest.ninthWeightZero
2
3
[       OK ] triagedPatientTest.ninthWeightZero (0 ms)
[ RUN      ] triagedPatientTest.firstWeightZero
2
3
[       OK ] triagedPatientTest.firstWeightZero (0 ms)
[ RUN      ] triagedPatientTest.allWeightsZero
2
3
[       OK ] triagedPatientTest.allWeightsZero (0 ms)
[----------] 6 tests from triagedPatientTest (0 ms total)

[----------] Global test environment tear-down
[==========] 6 tests from 1 test suite ran. (0 ms total)
[  PASSED  ] 6 tests.
<end of output>
Test time =   0.00 sec
----------------------------------------------------------
Test Passed.
"AIQPMQPtest" end time: Jul 27 10:13 EDT
"AIQPMQPtest" time elapsed: 00:00:00
----------------------------------------------------------

End testing: Jul 27 10:13 EDT
