<?xml version="1.0" encoding="UTF-8"?>
<Site BuildName="(empty)"
	BuildStamp="20210727-0151-Experimental"
	Name="(empty)"
	Generator="ctest-3.16.3"
	CompilerName=""
	CompilerVersion=""
	OSName="Linux"
	Hostname="ammiera-VirtualBox"
	OSRelease="5.8.0-63-generic"
	OSVersion="#71~20.04.1-Ubuntu SMP Thu Jul 15 17:46:08 UTC 2021"
	OSPlatform="x86_64"
	Is64Bits="1"
	VendorString="GenuineIntel"
	VendorID="Intel Corporation"
	FamilyID="6"
	ModelID="158"
	ProcessorCacheSize="12288"
	NumberOfLogicalCPU="4"
	NumberOfPhysicalCPU="4"
	TotalVirtualMemory="2047"
	TotalPhysicalMemory="3935"
	LogicalProcessorsPerPhysical="1"
	ProcessorClockFrequency="2592"
	>
	<Testing>
		<StartDateTime>Jul 27 16:43 EDT</StartDateTime>
		<StartTestTime>1627418632</StartTestTime>
		<TestList>
			<Test>./test/AIQPMQPtest</Test>
		</TestList>
		<Test Status="passed">
			<Name>AIQPMQPtest</Name>
			<Path>./test</Path>
			<FullName>./test/AIQPMQPtest</FullName>
			<FullCommandLine>/home/ammiera/AmbulanceIQPMQP/build/test/AIQPMQPtest</FullCommandLine>
			<Results>
				<NamedMeasurement type="numeric/double" name="Execution Time">
					<Value>0.0032364</Value>
				</NamedMeasurement>
				<NamedMeasurement type="numeric/double" name="Processors">
					<Value>1</Value>
				</NamedMeasurement>
				<NamedMeasurement type="text/string" name="Completion Status">
					<Value>Completed</Value>
				</NamedMeasurement>
				<NamedMeasurement type="text/string" name="Command Line">
					<Value>/home/ammiera/AmbulanceIQPMQP/build/test/AIQPMQPtest</Value>
				</NamedMeasurement>
				<Measurement>
					<Value encoding="base64" compression="gzip">eJyVlE1PwzAMhu/5FT5uh7XbQNw4TAIhhIDuAyExTShrvTZSEk9Juo1/T7qOik6gpT658vv4dayks1JroXNQXOheHzaGFMQFKYy5UgINjydqXUquU3ycJs/TJMaDi3OiXKJD20qtSeO8yj6rblGasuVtEyuYnaxuoNLY2mt0/ABbCocRWw6aWMGDpDWXdR31ThjSCrXXohuU2zNxq6kzgueYJdwJDyx8gS1h9vYCx1j9UY/8ZPiOIi+cZWN25fV1vD5d1ENvCMr2L1rQDxFk0KhD22vqND91nN4f2BU184GGQpf0mwm12ghjXUerMybUikt52kOwUxtpjDpcxpoBR47LPgu79A65GWS01+039e9bAsN11DbyB0sm8/n9XbWLExj5YIvCyyuSNuB8fuxCpduWDvbc+pqiHWZghf8LgPCDHVLEzNbiwqMFyayiR8PxNay/fIOIfQPFDWiU====</Value>
				</Measurement>
			</Results>
		</Test>
		<EndDateTime>Jul 27 16:43 EDT</EndDateTime>
		<EndTestTime>1627418632</EndTestTime>
		<ElapsedMinutes>0</ElapsedMinutes>
	</Testing>
</Site>
